Senhor 7478
filhos 2764
Israel 2472
porque 2068
também 1673
contra 1664
homens 1281
quando 1207
dizendo 1086
diante 991
coração 835
Moisés 830
cidade 829
segundo 821
Jerusalém 794
grande 750
palavra 749
coisas 705
mulher 696
Porque 671
estava 670
aquele 628
caminho 584
oferta 572
palavras 572
vossos 540
irmãos 533
Quando 531
Cristo 513
Também 498
sacerdote 481
estavam 464
nações 461
depois 458
cidades 450
servos 449
perante 447
sangue 442
verdade 439
espada 419
conforme 410
sempre 398
quanto 395
sacerdotes 393
Depois 390
senhor 388
porquanto 380
justiça 373
pecado 372
outros 366
glória 363
cabeça 341
deserto 323
exércitos 322
vossas 316
dentre 314
minhas 314
alguma 309
ninguém 308
muitos 300
Babilônia 295
Salomão 293
espírito 288
Espírito 287
herança 287
contigo 285
nossos 285
ouvidos 285
mulheres 284
tinham 279
debaixo 272
fizeram 270
respondeu 270
disseram 268
quatro 265
alguém 261
levitas 257
comigo 255
Respondeu 251
príncipes 249
inimigos 248
Abraão 247
primeiro 246
filhas 244
nenhum 243
Portanto 241
filisteus 241
iniqüidade 240
multidão 234
discípulos 231
profetas 231
profeta 230
judeus 229
enviou 228
exército 228
deuses 226
mortos 216
sabedoria 213
presença 210
holocausto 209
guerra 206
haverá 206
ovelhas 206
côvados 203
qualquer 203
alguns 202
chefes 199
congregação 199
portas 197
anciãos 195
Jordão 193
aqueles 187
caminhos 187
santuário 187
ofertas 186
porventura 185
templo 185
grandes 183
juntamente 180
naquele 180
animais 178
famílias 178
trinta 175
vieram 175
Efraim 174
dentro 173
testemunho 172
convosco 170
vestes 169
cinqüenta 168
pedras 165
acerca 164
escrito 164
azeite 163
direita 163
levantou 163
mandou 163
guarda 162
pecados 162
revelação 162
Benjamim 161
arraial 160
montes 160
respeito 159
perguntou 155
quarenta 155
incenso 154
somente 154
mandamentos 153
muitas 153
reinou 153
bronze 152
número 152
enquanto 150
entendimento 150
»SALMOS 150
chamou 148
Jeremias 147
estando 147
Manassés 146
haviam 146
salvação 145
cereais 144
descendência 144
santos 144
ímpios 144
língua 143
Samuel 142
príncipe 142
próximo 142
tabernáculo 141
trevas 141
benignidade 140
morreu 140
certamente 139
família 139
serviço 138
começou 137
entrar 134
estatutos 134
Isaque 133
dinheiro 133
Quanto 132
alegria 132
Ezequias 131
maneira 131
ordenou 131
adiante 130
fizeste 130
Porventura 128
entrou 128
chegou 127
contudo 127
mesmos 127
passar 127
sacrifícios 126
carros 125
graças 125
trabalho 125
nenhuma 124
Assíria 123
geração 123
sacrifício 123
Porquanto 121
cavalos 121
nossas 121
sábado 121
terceiro 120
imundo 119
tribos 119
daquele 118
próprio 118
semelhante 118
Samária 117
havendo 117
menino 117
cativeiro 116
encontro 116
houver 116
oriente 116
chamado 115
conhecimento 115
própria 115
Jônatas 114
ouvido 113
lábios 112
tornou 112
esperança 111
gerações 111
habitantes 111
conselho 110
fizera 110
sétimo 110
vontade 110
disse-lhes 109
egípcios 109
ordenara 109
misericórdia 108
colunas 107
disse-lhe 107
lugares 107
marido 107
Respondeu-lhe 106
Todavia 106
trouxe 106
moradores 104
tendes 104
Absalão 103
entregou 103
ídolos 103
Jeroboão 102
Naquele 102
largura 102
voltou 102
entrada 101
madeira 101
peleja 101
campos 100
justos 100
saíram 100
